{"uid":"62e54fd16b9f8985","name":"test_change_name[-Name can't be empty-group2]","fullName":"tests.mane_site_tests.test_nintondo_change_name#test_change_name","historyId":"35cbcd15a90875037d4696e60a7fe4f9","time":{"start":1732114012694,"stop":1732114012694,"duration":0},"status":"broken","statusMessage":"selenium.common.exceptions.SessionNotCreatedException: Message: session not created: Chrome failed to start: exited normally.\n  (session not created: DevToolsActivePort file doesn't exist)\n  (The process started from chrome location /usr/bin/google-chrome is no longer running, so ChromeDriver is assuming that Chrome has crashed.)\nStacktrace:\n#0 0x562042a4b31a <unknown>\n#1 0x5620425616e0 <unknown>\n#2 0x562042598dc8 <unknown>\n#3 0x562042594926 <unknown>\n#4 0x5620425e06f6 <unknown>\n#5 0x5620425dfd46 <unknown>\n#6 0x5620425d4203 <unknown>\n#7 0x5620425a2cc0 <unknown>\n#8 0x5620425a3c9e <unknown>\n#9 0x562042a18d0b <unknown>\n#10 0x562042a1cc92 <unknown>\n#11 0x562042a05b3c <unknown>\n#12 0x562042a1d807 <unknown>\n#13 0x5620429eb0df <unknown>\n#14 0x562042a3a578 <unknown>\n#15 0x562042a3a740 <unknown>\n#16 0x562042a4a196 <unknown>\n#17 0x7f2dd3161609 start_thread","statusTrace":"request = <SubRequest 'driver' for <Function test_change_name[-Name can't be empty-group2]>>\n\n    @pytest.fixture(autouse=True, scope=\"function\")\n    def driver(request):\n    \n        options = webdriver.ChromeOptions()\n        # options.add_argument(\"--headless\")\n        options.add_argument(\"--no-sandbox\")\n        options.add_argument(\"--window-size=1280,720\")\n        options.add_argument('--disable-dev-shm-usage')\n        options.add_argument('--disable-gpu')\n    \n        # Local\n        # project_path = os.path.dirname(os.path.abspath(__file__))\n        # extension_path = f\"{project_path}/extension/dist/chrome\"\n    \n        # CI\n        extension_path = \"/app/extension\"\n    \n        options.add_argument(f\"--load-extension={extension_path}\")\n    \n        # Initialize the driver\n>       driver = webdriver.Chrome(options=options)\n\n../conftest.py:27: \n_ _ _ _ _ _ _ _ _ _ _ _ _ _ _ _ _ _ _ _ _ _ _ _ _ _ _ _ _ _ _ _ _ _ _ _ _ _ _ _ \n/usr/local/lib/python3.8/dist-packages/selenium/webdriver/chrome/webdriver.py:45: in __init__\n    super().__init__(\n/usr/local/lib/python3.8/dist-packages/selenium/webdriver/chromium/webdriver.py:66: in __init__\n    super().__init__(command_executor=executor, options=options)\n/usr/local/lib/python3.8/dist-packages/selenium/webdriver/remote/webdriver.py:212: in __init__\n    self.start_session(capabilities)\n/usr/local/lib/python3.8/dist-packages/selenium/webdriver/remote/webdriver.py:299: in start_session\n    response = self.execute(Command.NEW_SESSION, caps)[\"value\"]\n/usr/local/lib/python3.8/dist-packages/selenium/webdriver/remote/webdriver.py:354: in execute\n    self.error_handler.check_response(response)\n_ _ _ _ _ _ _ _ _ _ _ _ _ _ _ _ _ _ _ _ _ _ _ _ _ _ _ _ _ _ _ _ _ _ _ _ _ _ _ _ \n\nself = <selenium.webdriver.remote.errorhandler.ErrorHandler object at 0x7ffbdd0c2430>\nresponse = {'status': 500, 'value': '{\"value\":{\"error\":\"session not created\",\"message\":\"session not created: Chrome failed to sta...wn>\\\\n#15 0x562042a3a740 \\\\u003Cunknown>\\\\n#16 0x562042a4a196 \\\\u003Cunknown>\\\\n#17 0x7f2dd3161609 start_thread\\\\n\"}}'}\n\n    def check_response(self, response: Dict[str, Any]) -> None:\n        \"\"\"Checks that a JSON response from the WebDriver does not have an\n        error.\n    \n        :Args:\n         - response - The JSON response from the WebDriver server as a dictionary\n           object.\n    \n        :Raises: If the response contains an error message.\n        \"\"\"\n        status = response.get(\"status\", None)\n        if not status or status == ErrorCode.SUCCESS:\n            return\n        value = None\n        message = response.get(\"message\", \"\")\n        screen: str = response.get(\"screen\", \"\")\n        stacktrace = None\n        if isinstance(status, int):\n            value_json = response.get(\"value\", None)\n            if value_json and isinstance(value_json, str):\n                import json\n    \n                try:\n                    value = json.loads(value_json)\n                    if len(value) == 1:\n                        value = value[\"value\"]\n                    status = value.get(\"error\", None)\n                    if not status:\n                        status = value.get(\"status\", ErrorCode.UNKNOWN_ERROR)\n                        message = value.get(\"value\") or value.get(\"message\")\n                        if not isinstance(message, str):\n                            value = message\n                            message = message.get(\"message\")\n                    else:\n                        message = value.get(\"message\", None)\n                except ValueError:\n                    pass\n    \n        exception_class: Type[WebDriverException]\n        e = ErrorCode()\n        error_codes = [item for item in dir(e) if not item.startswith(\"__\")]\n        for error_code in error_codes:\n            error_info = getattr(ErrorCode, error_code)\n            if isinstance(error_info, list) and status in error_info:\n                exception_class = getattr(ExceptionMapping, error_code, WebDriverException)\n                break\n        else:\n            exception_class = WebDriverException\n    \n        if not value:\n            value = response[\"value\"]\n        if isinstance(value, str):\n            raise exception_class(value)\n        if message == \"\" and \"message\" in value:\n            message = value[\"message\"]\n    \n        screen = None  # type: ignore[assignment]\n        if \"screen\" in value:\n            screen = value[\"screen\"]\n    \n        stacktrace = None\n        st_value = value.get(\"stackTrace\") or value.get(\"stacktrace\")\n        if st_value:\n            if isinstance(st_value, str):\n                stacktrace = st_value.split(\"\\n\")\n            else:\n                stacktrace = []\n                try:\n                    for frame in st_value:\n                        line = frame.get(\"lineNumber\", \"\")\n                        file = frame.get(\"fileName\", \"<anonymous>\")\n                        if line:\n                            file = f\"{file}:{line}\"\n                        meth = frame.get(\"methodName\", \"<anonymous>\")\n                        if \"className\" in frame:\n                            meth = f\"{frame['className']}.{meth}\"\n                        msg = \"    at %s (%s)\"\n                        msg = msg % (meth, file)\n                        stacktrace.append(msg)\n                except TypeError:\n                    pass\n        if exception_class == UnexpectedAlertPresentException:\n            alert_text = None\n            if \"data\" in value:\n                alert_text = value[\"data\"].get(\"text\")\n            elif \"alert\" in value:\n                alert_text = value[\"alert\"].get(\"text\")\n            raise exception_class(message, screen, stacktrace, alert_text)  # type: ignore[call-arg]  # mypy is not smart enough here\n>       raise exception_class(message, screen, stacktrace)\nE       selenium.common.exceptions.SessionNotCreatedException: Message: session not created: Chrome failed to start: exited normally.\nE         (session not created: DevToolsActivePort file doesn't exist)\nE         (The process started from chrome location /usr/bin/google-chrome is no longer running, so ChromeDriver is assuming that Chrome has crashed.)\nE       Stacktrace:\nE       #0 0x562042a4b31a <unknown>\nE       #1 0x5620425616e0 <unknown>\nE       #2 0x562042598dc8 <unknown>\nE       #3 0x562042594926 <unknown>\nE       #4 0x5620425e06f6 <unknown>\nE       #5 0x5620425dfd46 <unknown>\nE       #6 0x5620425d4203 <unknown>\nE       #7 0x5620425a2cc0 <unknown>\nE       #8 0x5620425a3c9e <unknown>\nE       #9 0x562042a18d0b <unknown>\nE       #10 0x562042a1cc92 <unknown>\nE       #11 0x562042a05b3c <unknown>\nE       #12 0x562042a1d807 <unknown>\nE       #13 0x5620429eb0df <unknown>\nE       #14 0x562042a3a578 <unknown>\nE       #15 0x562042a3a740 <unknown>\nE       #16 0x562042a4a196 <unknown>\nE       #17 0x7f2dd3161609 start_thread\n\n/usr/local/lib/python3.8/dist-packages/selenium/webdriver/remote/errorhandler.py:229: SessionNotCreatedException","flaky":false,"newFailed":false,"newBroken":false,"newPassed":false,"retriesCount":0,"retriesStatusChange":false,"beforeStages":[{"name":"_session_faker","time":{"start":1732114011348,"stop":1732114011348,"duration":0},"status":"passed","steps":[],"attachments":[],"parameters":[],"shouldDisplayMessage":false,"stepsCount":0,"attachmentsCount":0,"hasContent":false,"attachmentStep":false},{"name":"driver","time":{"start":1732114012695,"stop":1732114012833,"duration":138},"status":"broken","statusMessage":"selenium.common.exceptions.SessionNotCreatedException: Message: session not created: Chrome failed to start: exited normally.\n  (session not created: DevToolsActivePort file doesn't exist)\n  (The process started from chrome location /usr/bin/google-chrome is no longer running, so ChromeDriver is assuming that Chrome has crashed.)\nStacktrace:\n#0 0x562042a4b31a <unknown>\n#1 0x5620425616e0 <unknown>\n#2 0x562042598dc8 <unknown>\n#3 0x562042594926 <unknown>\n#4 0x5620425e06f6 <unknown>\n#5 0x5620425dfd46 <unknown>\n#6 0x5620425d4203 <unknown>\n#7 0x5620425a2cc0 <unknown>\n#8 0x5620425a3c9e <unknown>\n#9 0x562042a18d0b <unknown>\n#10 0x562042a1cc92 <unknown>\n#11 0x562042a05b3c <unknown>\n#12 0x562042a1d807 <unknown>\n#13 0x5620429eb0df <unknown>\n#14 0x562042a3a578 <unknown>\n#15 0x562042a3a740 <unknown>\n#16 0x562042a4a196 <unknown>\n#17 0x7f2dd3161609 start_thread\n\n","statusTrace":"  File \"/usr/local/lib/python3.8/dist-packages/pluggy/_callers.py\", line 167, in _multicall\n    teardown.throw(outcome._exception)\n  File \"/usr/local/lib/python3.8/dist-packages/_pytest/setuponly.py\", line 36, in pytest_fixture_setup\n    return (yield)\n  File \"/usr/local/lib/python3.8/dist-packages/pluggy/_callers.py\", line 103, in _multicall\n    res = hook_impl.function(*args)\n  File \"/usr/local/lib/python3.8/dist-packages/_pytest/fixtures.py\", line 1140, in pytest_fixture_setup\n    result = call_fixture_func(fixturefunc, request, kwargs)\n  File \"/usr/local/lib/python3.8/dist-packages/_pytest/fixtures.py\", line 891, in call_fixture_func\n    fixture_result = next(generator)\n  File \"/usr/workspace/nintondo/autotests/conftest.py\", line 27, in driver\n    driver = webdriver.Chrome(options=options)\n  File \"/usr/local/lib/python3.8/dist-packages/selenium/webdriver/chrome/webdriver.py\", line 45, in __init__\n    super().__init__(\n  File \"/usr/local/lib/python3.8/dist-packages/selenium/webdriver/chromium/webdriver.py\", line 66, in __init__\n    super().__init__(command_executor=executor, options=options)\n  File \"/usr/local/lib/python3.8/dist-packages/selenium/webdriver/remote/webdriver.py\", line 212, in __init__\n    self.start_session(capabilities)\n  File \"/usr/local/lib/python3.8/dist-packages/selenium/webdriver/remote/webdriver.py\", line 299, in start_session\n    response = self.execute(Command.NEW_SESSION, caps)[\"value\"]\n  File \"/usr/local/lib/python3.8/dist-packages/selenium/webdriver/remote/webdriver.py\", line 354, in execute\n    self.error_handler.check_response(response)\n  File \"/usr/local/lib/python3.8/dist-packages/selenium/webdriver/remote/errorhandler.py\", line 229, in check_response\n    raise exception_class(message, screen, stacktrace)\n","steps":[],"attachments":[],"parameters":[],"shouldDisplayMessage":true,"stepsCount":0,"attachmentsCount":0,"hasContent":true,"attachmentStep":false}],"afterStages":[],"labels":[{"name":"feature","value":"Test changing user name"},{"name":"tag","value":"@pytest.mark.usefixtures('driver')"},{"name":"parentSuite","value":"tests.mane_site_tests"},{"name":"suite","value":"test_nintondo_change_name"},{"name":"host","value":"b51e0d075fe0"},{"name":"thread","value":"8-MainThread"},{"name":"framework","value":"pytest"},{"name":"language","value":"cpython3"},{"name":"package","value":"tests.mane_site_tests.test_nintondo_change_name"},{"name":"resultFormat","value":"allure2"}],"parameters":[{"name":"check_type","value":"'group2'"},{"name":"expected_error","value":"'Name can't be empty'"},{"name":"name","value":"''"}],"links":[],"hidden":false,"retry":false,"extra":{"severity":"normal","retries":[],"categories":[{"name":"Test defects","matchedStatuses":[],"flaky":false}],"tags":["@pytest.mark.usefixtures('driver')"]},"source":"62e54fd16b9f8985.json","parameterValues":["'group2'","'Name can't be empty'","''"]}