{"uid":"494266d4a5db8a79","name":"test_change_name[A1ex--group1]","fullName":"tests.mane_site_tests.test_nintondo_change_name#test_change_name","historyId":"bbb37cabd63d215d4e305e1cbdac4bbb","time":{"start":1732272400312,"stop":1732272400312,"duration":0},"status":"broken","statusMessage":"selenium.common.exceptions.SessionNotCreatedException: Message: session not created: Chrome failed to start: exited normally.\n  (session not created: DevToolsActivePort file doesn't exist)\n  (The process started from chrome location /usr/bin/google-chrome is no longer running, so ChromeDriver is assuming that Chrome has crashed.)\nStacktrace:\n#0 0x557cb2b4131a <unknown>\n#1 0x557cb26576e0 <unknown>\n#2 0x557cb268edc8 <unknown>\n#3 0x557cb268a926 <unknown>\n#4 0x557cb26d66f6 <unknown>\n#5 0x557cb26d5d46 <unknown>\n#6 0x557cb26ca203 <unknown>\n#7 0x557cb2698cc0 <unknown>\n#8 0x557cb2699c9e <unknown>\n#9 0x557cb2b0ed0b <unknown>\n#10 0x557cb2b12c92 <unknown>\n#11 0x557cb2afbb3c <unknown>\n#12 0x557cb2b13807 <unknown>\n#13 0x557cb2ae10df <unknown>\n#14 0x557cb2b30578 <unknown>\n#15 0x557cb2b30740 <unknown>\n#16 0x557cb2b40196 <unknown>\n#17 0x7f405d862609 start_thread","statusTrace":"request = <SubRequest 'driver' for <Function test_change_name[A1ex--group1]>>\n\n    @pytest.fixture(autouse=True, scope=\"function\")\n    def driver(request):\n        options = webdriver.ChromeOptions()\n    \n        # Отключение анимаций\n        options.add_argument(\"--disable-animations\")\n    \n        prefs = {\"profile.managed_default_content_settings.images\": 2}  # 2 отключает загрузку изображений\n        options.add_experimental_option(\"prefs\", prefs)\n    \n        # Прочие настройки\n        options.add_argument(\"--no-sandbox\")\n        options.add_argument(\"--window-size=1280,720\")\n        options.add_argument('--disable-dev-shm-usage')\n        options.add_argument('--disable-gpu')\n    \n        # Путь к расширению\n        # project_path = os.path.dirname(os.path.abspath(__file__))\n        # extension_path = f\"{project_path}/extension/dist/chrome\"\n    \n        # CI\n        extension_path = \"/app/extension\"\n    \n        options.add_argument(f\"--load-extension={extension_path}\")\n    \n        # Инициализация драйвера\n>       driver = webdriver.Chrome(options=options)\n\n../conftest.py:33: \n_ _ _ _ _ _ _ _ _ _ _ _ _ _ _ _ _ _ _ _ _ _ _ _ _ _ _ _ _ _ _ _ _ _ _ _ _ _ _ _ \n/usr/local/lib/python3.8/dist-packages/selenium/webdriver/chrome/webdriver.py:45: in __init__\n    super().__init__(\n/usr/local/lib/python3.8/dist-packages/selenium/webdriver/chromium/webdriver.py:66: in __init__\n    super().__init__(command_executor=executor, options=options)\n/usr/local/lib/python3.8/dist-packages/selenium/webdriver/remote/webdriver.py:212: in __init__\n    self.start_session(capabilities)\n/usr/local/lib/python3.8/dist-packages/selenium/webdriver/remote/webdriver.py:299: in start_session\n    response = self.execute(Command.NEW_SESSION, caps)[\"value\"]\n/usr/local/lib/python3.8/dist-packages/selenium/webdriver/remote/webdriver.py:354: in execute\n    self.error_handler.check_response(response)\n_ _ _ _ _ _ _ _ _ _ _ _ _ _ _ _ _ _ _ _ _ _ _ _ _ _ _ _ _ _ _ _ _ _ _ _ _ _ _ _ \n\nself = <selenium.webdriver.remote.errorhandler.ErrorHandler object at 0x7fb180285a90>\nresponse = {'status': 500, 'value': '{\"value\":{\"error\":\"session not created\",\"message\":\"session not created: Chrome failed to sta...wn>\\\\n#15 0x557cb2b30740 \\\\u003Cunknown>\\\\n#16 0x557cb2b40196 \\\\u003Cunknown>\\\\n#17 0x7f405d862609 start_thread\\\\n\"}}'}\n\n    def check_response(self, response: Dict[str, Any]) -> None:\n        \"\"\"Checks that a JSON response from the WebDriver does not have an\n        error.\n    \n        :Args:\n         - response - The JSON response from the WebDriver server as a dictionary\n           object.\n    \n        :Raises: If the response contains an error message.\n        \"\"\"\n        status = response.get(\"status\", None)\n        if not status or status == ErrorCode.SUCCESS:\n            return\n        value = None\n        message = response.get(\"message\", \"\")\n        screen: str = response.get(\"screen\", \"\")\n        stacktrace = None\n        if isinstance(status, int):\n            value_json = response.get(\"value\", None)\n            if value_json and isinstance(value_json, str):\n                import json\n    \n                try:\n                    value = json.loads(value_json)\n                    if len(value) == 1:\n                        value = value[\"value\"]\n                    status = value.get(\"error\", None)\n                    if not status:\n                        status = value.get(\"status\", ErrorCode.UNKNOWN_ERROR)\n                        message = value.get(\"value\") or value.get(\"message\")\n                        if not isinstance(message, str):\n                            value = message\n                            message = message.get(\"message\")\n                    else:\n                        message = value.get(\"message\", None)\n                except ValueError:\n                    pass\n    \n        exception_class: Type[WebDriverException]\n        e = ErrorCode()\n        error_codes = [item for item in dir(e) if not item.startswith(\"__\")]\n        for error_code in error_codes:\n            error_info = getattr(ErrorCode, error_code)\n            if isinstance(error_info, list) and status in error_info:\n                exception_class = getattr(ExceptionMapping, error_code, WebDriverException)\n                break\n        else:\n            exception_class = WebDriverException\n    \n        if not value:\n            value = response[\"value\"]\n        if isinstance(value, str):\n            raise exception_class(value)\n        if message == \"\" and \"message\" in value:\n            message = value[\"message\"]\n    \n        screen = None  # type: ignore[assignment]\n        if \"screen\" in value:\n            screen = value[\"screen\"]\n    \n        stacktrace = None\n        st_value = value.get(\"stackTrace\") or value.get(\"stacktrace\")\n        if st_value:\n            if isinstance(st_value, str):\n                stacktrace = st_value.split(\"\\n\")\n            else:\n                stacktrace = []\n                try:\n                    for frame in st_value:\n                        line = frame.get(\"lineNumber\", \"\")\n                        file = frame.get(\"fileName\", \"<anonymous>\")\n                        if line:\n                            file = f\"{file}:{line}\"\n                        meth = frame.get(\"methodName\", \"<anonymous>\")\n                        if \"className\" in frame:\n                            meth = f\"{frame['className']}.{meth}\"\n                        msg = \"    at %s (%s)\"\n                        msg = msg % (meth, file)\n                        stacktrace.append(msg)\n                except TypeError:\n                    pass\n        if exception_class == UnexpectedAlertPresentException:\n            alert_text = None\n            if \"data\" in value:\n                alert_text = value[\"data\"].get(\"text\")\n            elif \"alert\" in value:\n                alert_text = value[\"alert\"].get(\"text\")\n            raise exception_class(message, screen, stacktrace, alert_text)  # type: ignore[call-arg]  # mypy is not smart enough here\n>       raise exception_class(message, screen, stacktrace)\nE       selenium.common.exceptions.SessionNotCreatedException: Message: session not created: Chrome failed to start: exited normally.\nE         (session not created: DevToolsActivePort file doesn't exist)\nE         (The process started from chrome location /usr/bin/google-chrome is no longer running, so ChromeDriver is assuming that Chrome has crashed.)\nE       Stacktrace:\nE       #0 0x557cb2b4131a <unknown>\nE       #1 0x557cb26576e0 <unknown>\nE       #2 0x557cb268edc8 <unknown>\nE       #3 0x557cb268a926 <unknown>\nE       #4 0x557cb26d66f6 <unknown>\nE       #5 0x557cb26d5d46 <unknown>\nE       #6 0x557cb26ca203 <unknown>\nE       #7 0x557cb2698cc0 <unknown>\nE       #8 0x557cb2699c9e <unknown>\nE       #9 0x557cb2b0ed0b <unknown>\nE       #10 0x557cb2b12c92 <unknown>\nE       #11 0x557cb2afbb3c <unknown>\nE       #12 0x557cb2b13807 <unknown>\nE       #13 0x557cb2ae10df <unknown>\nE       #14 0x557cb2b30578 <unknown>\nE       #15 0x557cb2b30740 <unknown>\nE       #16 0x557cb2b40196 <unknown>\nE       #17 0x7f405d862609 start_thread\n\n/usr/local/lib/python3.8/dist-packages/selenium/webdriver/remote/errorhandler.py:229: SessionNotCreatedException","flaky":false,"newFailed":false,"newBroken":false,"newPassed":false,"retriesCount":0,"retriesStatusChange":false,"beforeStages":[{"name":"_session_faker","time":{"start":1732272399338,"stop":1732272399340,"duration":2},"status":"passed","steps":[],"attachments":[],"parameters":[],"shouldDisplayMessage":false,"stepsCount":0,"attachmentsCount":0,"hasContent":false,"attachmentStep":false},{"name":"driver","time":{"start":1732272400313,"stop":1732272400451,"duration":138},"status":"broken","statusMessage":"selenium.common.exceptions.SessionNotCreatedException: Message: session not created: Chrome failed to start: exited normally.\n  (session not created: DevToolsActivePort file doesn't exist)\n  (The process started from chrome location /usr/bin/google-chrome is no longer running, so ChromeDriver is assuming that Chrome has crashed.)\nStacktrace:\n#0 0x557cb2b4131a <unknown>\n#1 0x557cb26576e0 <unknown>\n#2 0x557cb268edc8 <unknown>\n#3 0x557cb268a926 <unknown>\n#4 0x557cb26d66f6 <unknown>\n#5 0x557cb26d5d46 <unknown>\n#6 0x557cb26ca203 <unknown>\n#7 0x557cb2698cc0 <unknown>\n#8 0x557cb2699c9e <unknown>\n#9 0x557cb2b0ed0b <unknown>\n#10 0x557cb2b12c92 <unknown>\n#11 0x557cb2afbb3c <unknown>\n#12 0x557cb2b13807 <unknown>\n#13 0x557cb2ae10df <unknown>\n#14 0x557cb2b30578 <unknown>\n#15 0x557cb2b30740 <unknown>\n#16 0x557cb2b40196 <unknown>\n#17 0x7f405d862609 start_thread\n\n","statusTrace":"  File \"/usr/local/lib/python3.8/dist-packages/pluggy/_callers.py\", line 167, in _multicall\n    teardown.throw(outcome._exception)\n  File \"/usr/local/lib/python3.8/dist-packages/_pytest/setuponly.py\", line 36, in pytest_fixture_setup\n    return (yield)\n  File \"/usr/local/lib/python3.8/dist-packages/pluggy/_callers.py\", line 103, in _multicall\n    res = hook_impl.function(*args)\n  File \"/usr/local/lib/python3.8/dist-packages/_pytest/fixtures.py\", line 1140, in pytest_fixture_setup\n    result = call_fixture_func(fixturefunc, request, kwargs)\n  File \"/usr/local/lib/python3.8/dist-packages/_pytest/fixtures.py\", line 891, in call_fixture_func\n    fixture_result = next(generator)\n  File \"/usr/workspace/nintondo/autotests/conftest.py\", line 33, in driver\n    driver = webdriver.Chrome(options=options)\n  File \"/usr/local/lib/python3.8/dist-packages/selenium/webdriver/chrome/webdriver.py\", line 45, in __init__\n    super().__init__(\n  File \"/usr/local/lib/python3.8/dist-packages/selenium/webdriver/chromium/webdriver.py\", line 66, in __init__\n    super().__init__(command_executor=executor, options=options)\n  File \"/usr/local/lib/python3.8/dist-packages/selenium/webdriver/remote/webdriver.py\", line 212, in __init__\n    self.start_session(capabilities)\n  File \"/usr/local/lib/python3.8/dist-packages/selenium/webdriver/remote/webdriver.py\", line 299, in start_session\n    response = self.execute(Command.NEW_SESSION, caps)[\"value\"]\n  File \"/usr/local/lib/python3.8/dist-packages/selenium/webdriver/remote/webdriver.py\", line 354, in execute\n    self.error_handler.check_response(response)\n  File \"/usr/local/lib/python3.8/dist-packages/selenium/webdriver/remote/errorhandler.py\", line 229, in check_response\n    raise exception_class(message, screen, stacktrace)\n","steps":[],"attachments":[],"parameters":[],"shouldDisplayMessage":true,"stepsCount":0,"attachmentsCount":0,"hasContent":true,"attachmentStep":false}],"afterStages":[],"labels":[{"name":"feature","value":"Testing changing user name"},{"name":"tag","value":"@pytest.mark.usefixtures('driver')"},{"name":"parentSuite","value":"tests.mane_site_tests"},{"name":"suite","value":"test_nintondo_change_name"},{"name":"host","value":"b3b395eb8b5c"},{"name":"thread","value":"9-MainThread"},{"name":"framework","value":"pytest"},{"name":"language","value":"cpython3"},{"name":"package","value":"tests.mane_site_tests.test_nintondo_change_name"},{"name":"resultFormat","value":"allure2"}],"parameters":[{"name":"check_type","value":"'group1'"},{"name":"expected_error","value":"''"},{"name":"name","value":"'A1ex'"}],"links":[],"hidden":false,"retry":false,"extra":{"severity":"normal","retries":[],"categories":[{"name":"Test defects","matchedStatuses":[],"flaky":false}],"history":{"statistic":{"failed":0,"broken":4,"skipped":0,"passed":0,"unknown":0,"total":4},"items":[{"uid":"cf06bb3cebb66cdd","reportUrl":"https://Panda2k30.github.io/nintondo_autotests/42//#testresult/cf06bb3cebb66cdd","status":"broken","statusDetails":"selenium.common.exceptions.ElementClickInterceptedException: Message: element click intercepted: Element is not clickable at point (365, -248)\n  (Session info: chrome=131.0.6778.85)\nStacktrace:\n#0 0x55867a2a431a <unknown>\n#1 0x558679dba6e0 <unknown>\n#2 0x558679e100f6 <unknown>\n#3 0x558679e0e05d <unknown>\n#4 0x558679e0b775 <unknown>\n#5 0x558679e0a92f <unknown>\n#6 0x558679dfe0d5 <unknown>\n#7 0x558679e2d462 <unknown>\n#8 0x558679dfda18 <unknown>\n#9 0x558679e2d62e <unknown>\n#10 0x558679e4bed7 <unknown>\n#11 0x558679e2d203 <unknown>\n#12 0x558679dfbcc0 <unknown>\n#13 0x558679dfcc9e <unknown>\n#14 0x55867a271d0b <unknown>\n#15 0x55867a275c92 <unknown>\n#16 0x55867a25eb3c <unknown>\n#17 0x55867a276807 <unknown>\n#18 0x55867a2440df <unknown>\n#19 0x55867a293578 <unknown>\n#20 0x55867a293740 <unknown>\n#21 0x55867a2a3196 <unknown>\n#22 0x7fba65c5a609 start_thread","time":{"start":1732271315045,"stop":1732271325055,"duration":10010}},{"uid":"213b644464916b9","reportUrl":"https://Panda2k30.github.io/nintondo_autotests/41//#testresult/213b644464916b9","status":"broken","statusDetails":"selenium.common.exceptions.ElementClickInterceptedException: Message: element click intercepted: Element is not clickable at point (687, -182)\n  (Session info: chrome=131.0.6778.85)\nStacktrace:\n#0 0x55e8cca3731a <unknown>\n#1 0x55e8cc54d6e0 <unknown>\n#2 0x55e8cc5a30f6 <unknown>\n#3 0x55e8cc5a105d <unknown>\n#4 0x55e8cc59e775 <unknown>\n#5 0x55e8cc59d92f <unknown>\n#6 0x55e8cc5910d5 <unknown>\n#7 0x55e8cc5c0462 <unknown>\n#8 0x55e8cc590a18 <unknown>\n#9 0x55e8cc5c062e <unknown>\n#10 0x55e8cc5deed7 <unknown>\n#11 0x55e8cc5c0203 <unknown>\n#12 0x55e8cc58ecc0 <unknown>\n#13 0x55e8cc58fc9e <unknown>\n#14 0x55e8cca04d0b <unknown>\n#15 0x55e8cca08c92 <unknown>\n#16 0x55e8cc9f1b3c <unknown>\n#17 0x55e8cca09807 <unknown>\n#18 0x55e8cc9d70df <unknown>\n#19 0x55e8cca26578 <unknown>\n#20 0x55e8cca26740 <unknown>\n#21 0x55e8cca36196 <unknown>\n#22 0x7fea49731609 start_thread","time":{"start":1732114305495,"stop":1732114313084,"duration":7589}},{"uid":"af703e382301484a","reportUrl":"https://Panda2k30.github.io/nintondo_autotests/40//#testresult/af703e382301484a","status":"broken","statusDetails":"selenium.common.exceptions.SessionNotCreatedException: Message: session not created: Chrome failed to start: exited normally.\n  (session not created: DevToolsActivePort file doesn't exist)\n  (The process started from chrome location /usr/bin/google-chrome is no longer running, so ChromeDriver is assuming that Chrome has crashed.)\nStacktrace:\n#0 0x55f0f125631a <unknown>\n#1 0x55f0f0d6c6e0 <unknown>\n#2 0x55f0f0da3dc8 <unknown>\n#3 0x55f0f0d9f926 <unknown>\n#4 0x55f0f0deb6f6 <unknown>\n#5 0x55f0f0dead46 <unknown>\n#6 0x55f0f0ddf203 <unknown>\n#7 0x55f0f0dadcc0 <unknown>\n#8 0x55f0f0daec9e <unknown>\n#9 0x55f0f1223d0b <unknown>\n#10 0x55f0f1227c92 <unknown>\n#11 0x55f0f1210b3c <unknown>\n#12 0x55f0f1228807 <unknown>\n#13 0x55f0f11f60df <unknown>\n#14 0x55f0f1245578 <unknown>\n#15 0x55f0f1245740 <unknown>\n#16 0x55f0f1255196 <unknown>\n#17 0x7f5c12432609 start_thread","time":{"start":1732114012861,"stop":1732114012861,"duration":0}}]},"tags":["@pytest.mark.usefixtures('driver')"]},"source":"494266d4a5db8a79.json","parameterValues":["'group1'","''","'A1ex'"]}