{"uid":"4b4757e66a1912dae1a509f688f20b0f","children":[{"name":"Product defects","children":[{"name":"AssertionError: Expected error message 'Insufficient balance. Non-Inscription balance', but got ''\nassert 'Insufficient balance. Non-Inscription balance' in ''","children":[{"name":"test_mint_transfer_zero_wallet","uid":"d1be9c6c76d456e1","parentUid":"610d98d915158a718ddf8c60f55ff08e","status":"failed","time":{"start":1733316732117,"stop":1733316736261,"duration":4144},"flaky":false,"newFailed":true,"newPassed":false,"newBroken":false,"retriesCount":0,"retriesStatusChange":false,"parameters":[],"tags":["@pytest.mark.usefixtures('driver')"]}],"uid":"610d98d915158a718ddf8c60f55ff08e"},{"name":"AssertionError: Expected success message 'Successfully sended transfer(s)', but got 'Cannot read properties of undefined (reading 'split')'\nassert 'Successfully sended transfer(s)' in \"Cannot read properties of undefined (reading 'split')\"","children":[{"name":"test_valid_sending_transfers","uid":"ff33781f2dad3615","parentUid":"99b875c388bda92a8f06763447dc8de3","status":"failed","time":{"start":1733316837359,"stop":1733316842374,"duration":5015},"flaky":false,"newFailed":true,"newPassed":false,"newBroken":false,"retriesCount":0,"retriesStatusChange":false,"parameters":[],"tags":["@pytest.mark.usefixtures('driver')"]}],"uid":"99b875c388bda92a8f06763447dc8de3"}],"uid":"8fb3a91ba5aaf9de24cc8a92edc82b5d"},{"name":"Test defects","children":[{"name":"selenium.common.exceptions.TimeoutException: Message: \nStacktrace:\n#0 0x559cfba2c34a <unknown>\n#1 0x559cfb5426e0 <unknown>\n#2 0x559cfb5913e6 <unknown>\n#3 0x559cfb591681 <unknown>\n#4 0x559cfb5d6b04 <unknown>\n#5 0x559cfb5b548d <unknown>\n#6 0x559cfb5d3ed7 <unknown>\n#7 0x559cfb5b5203 <unknown>\n#8 0x559cfb583cc0 <unknown>\n#9 0x559cfb584c9e <unknown>\n#10 0x559cfb9f9d3b <unknown>\n#11 0x559cfb9fdcc2 <unknown>\n#12 0x559cfb9e6b6c <unknown>\n#13 0x559cfb9fe837 <unknown>\n#14 0x559cfb9cc10f <unknown>\n#15 0x559cfba1b5a8 <unknown>\n#16 0x559cfba1b770 <unknown>\n#17 0x559cfba2b1c6 <unknown>\n#18 0x7f28ff6f4609 start_thread","children":[{"name":"test_valid_sending_inscriptions","uid":"7f4067c21ff8cb81","parentUid":"2e2faa4af0dbf02913f62d9324348aa0","status":"broken","time":{"start":1733316780629,"stop":1733316798171,"duration":17542},"flaky":true,"newFailed":false,"newPassed":false,"newBroken":true,"retriesCount":0,"retriesStatusChange":false,"parameters":[],"tags":["@pytest.mark.usefixtures('driver')"]}],"uid":"2e2faa4af0dbf02913f62d9324348aa0"},{"name":"selenium.common.exceptions.NoSuchElementException: Message: no such element: Unable to locate element: {\"method\":\"xpath\",\"selector\":\"//div[contains(@class, 'toast ')]\"}\n  (Session info: chrome=131.0.6778.108); For documentation on this error, please visit: https://www.selenium.dev/documentation/webdriver/troubleshooting/errors#no-such-element-exception\nStacktrace:\n#0 0x5581bf96434a <unknown>\n#1 0x5581bf47a6e0 <unknown>\n#2 0x5581bf4c93e6 <unknown>\n#3 0x5581bf4c9681 <unknown>\n#4 0x5581bf50eb04 <unknown>\n#5 0x5581bf4ed48d <unknown>\n#6 0x5581bf50bed7 <unknown>\n#7 0x5581bf4ed203 <unknown>\n#8 0x5581bf4bbcc0 <unknown>\n#9 0x5581bf4bcc9e <unknown>\n#10 0x5581bf931d3b <unknown>\n#11 0x5581bf935cc2 <unknown>\n#12 0x5581bf91eb6c <unknown>\n#13 0x5581bf936837 <unknown>\n#14 0x5581bf90410f <unknown>\n#15 0x5581bf9535a8 <unknown>\n#16 0x5581bf953770 <unknown>\n#17 0x5581bf9631c6 <unknown>\n#18 0x7fab1e7c8609 start_thread","children":[{"name":"test_valid_sending_inscriptions_zero_wallet","uid":"ba4d7f2c52af6ef8","parentUid":"06d5653856a0f7b0e9ba5ad1cff4914a","status":"broken","time":{"start":1733316802992,"stop":1733316810452,"duration":7460},"flaky":true,"newFailed":false,"newPassed":false,"newBroken":true,"retriesCount":0,"retriesStatusChange":false,"parameters":[],"tags":["@pytest.mark.usefixtures('driver')"]}],"uid":"06d5653856a0f7b0e9ba5ad1cff4914a"}],"uid":"bdbf199525818fae7a8651db9eafe741"}],"name":"categories"}